[2026-06-09T02:59:18.223Z] [error] Failed to load resource: the server responded with a status of 401 ()
[2026-06-09T02:59:21.376Z] [log] %c
▲

__  __                                     _            __
\ \/ /___  __  __   _________ _____       (_)_  _______/ /_
 \  / __ \/ / / /  / ___/ __ `/ __ \     / / / / / ___/ __/
 / / /_/ / /_/ /  / /__/ /_/ / / / /    / / /_/ (__  ) /_
/_/\____/\__,_/   \___/\__,_/_/ /_/  __/ /\__,_/____/\__/
         __    _          __  __    /___/
   _____/ /_  (_)___     / /_/ /_  (_)___  ____ ______
  / ___/ __ \/ / __ \   / __/ __ \/ / __ \/ __ `/ ___/
 (__  ) / / / / /_/ /  / /_/ / / / / / / / /_/ (__  )
/____/_/ /_/_/ .___/   \__/_/ /_/_/_/ /_/\__, /____/
            /_/                         /____/
  

Hello!

- Open Source https://vercel.com/oss
- Careers https://vercel.com/careers
- Status https://vercel-status.com

 font-family: "Geist Mono", monospace; white-space: pre; line-height: 1;
[2026-06-09T02:59:23.932Z] [warning] [GSI_LOGGER]: Your client application uses one of the Google One Tap prompt UI status methods that may stop functioning when FedCM becomes mandatory. Refer to the migration guide to update your code accordingly and opt-in to FedCM to test your changes. Learn more: https://developers.google.com/identity/gsi/web/guides/fedcm-migration?s=dc#display_moment and https://developers.google.com/identity/gsi/web/guides/fedcm-migration?s=dc#skipped_moment
[2026-06-09T02:59:25.284Z] [warning] Deprecated API for given entry type.
[2026-06-09T02:59:25.858Z] [error] Provider's accounts list is empty.
[2026-06-09T02:59:26.359Z] [error] Failed to load resource: the server responded with a status of 429 ()
[2026-06-09T02:59:26.908Z] [error] Failed to load resource: the server responded with a status of 403 ()
[2026-06-09T02:59:28.770Z] [error] [GSI_LOGGER]: FedCM get() rejects with NetworkError: Error retrieving a token.
[2026-06-09T02:59:29.236Z] [error] Failed to load resource: the server responded with a status of 429 ()
[2026-06-09T02:59:32.289Z] [warning] The resource https://vercel.com/_next/static/immutable/media/ebay-dark.34mho2a18qqlt.svg was preloaded using link preload but not used within a few seconds from the window's load event. Please make sure it has an appropriate `as` value and it is preloaded intentionally.
[2026-06-09T02:59:32.289Z] [warning] The resource https://vercel.com/_next/static/immutable/media/adobe-light.406_7oryl71va.svg was preloaded using link preload but not used within a few seconds from the window's load event. Please make sure it has an appropriate `as` value and it is preloaded intentionally.
[2026-06-09T02:59:32.289Z] [warning] The resource https://vercel.com/_next/static/immutable/chunks/3wlp7de5275zh.css was preloaded using link preload but not used within a few seconds from the window's load event. Please make sure it has an appropriate `as` value and it is preloaded intentionally.
[2026-06-09T02:59:32.289Z] [warning] The resource https://vercel.com/_next/static/immutable/media/ebay-light.3ft_ki8203ov0.svg was preloaded using link preload but not used within a few seconds from the window's load event. Please make sure it has an appropriate `as` value and it is preloaded intentionally.
[2026-06-09T02:59:32.289Z] [warning] The resource https://vercel.com/_next/static/immutable/media/adobe-dark.1yc1msmmj95aw.svg was preloaded using link preload but not used within a few seconds from the window's load event. Please make sure it has an appropriate `as` value and it is preloaded intentionally.
[2026-06-09T02:59:32.289Z] [warning] The resource https://vercel.com/_next/static/immutable/media/stripe-light.2l_1jctpe6k_4.svg was preloaded using link preload but not used within a few seconds from the window's load event. Please make sure it has an appropriate `as` value and it is preloaded intentionally.
[2026-06-09T02:59:32.289Z] [warning] The resource https://vercel.com/_next/static/immutable/media/stripe-dark.16ozjth2vgb_3.svg was preloaded using link preload but not used within a few seconds from the window's load event. Please make sure it has an appropriate `as` value and it is preloaded intentionally.
[2026-06-09T02:59:32.289Z] [warning] The resource https://vercel.com/_next/static/immutable/chunks/0-shbsz3-8ybx.css was preloaded using link preload but not used within a few seconds from the window's load event. Please make sure it has an appropriate `as` value and it is preloaded intentionally.
[2026-06-09T02:59:32.289Z] [warning] The resource https://vercel.com/_next/static/immutable/chunks/3z36ncuffz89v.css was preloaded using link preload but not used within a few seconds from the window's load event. Please make sure it has an appropriate `as` value and it is preloaded intentionally.
[2026-06-09T02:59:32.289Z] [warning] The resource https://vercel.com/_next/static/immutable/chunks/00rj9e71aqnzg.css was preloaded using link preload but not used within a few seconds from the window's load event. Please make sure it has an appropriate `as` value and it is preloaded intentionally.
[2026-06-09T02:59:40.483Z] [warning] The resource https://vercel.com/_next/static/immutable/media/ebay-dark.34mho2a18qqlt.svg was preloaded using link preload but not used within a few seconds from the window's load event. Please make sure it has an appropriate `as` value and it is preloaded intentionally.
[2026-06-09T02:59:40.484Z] [warning] The resource https://vercel.com/_next/static/immutable/media/adobe-light.406_7oryl71va.svg was preloaded using link preload but not used within a few seconds from the window's load event. Please make sure it has an appropriate `as` value and it is preloaded intentionally.
[2026-06-09T02:59:40.484Z] [warning] The resource https://vercel.com/_next/static/immutable/chunks/3wlp7de5275zh.css was preloaded using link preload but not used within a few seconds from the window's load event. Please make sure it has an appropriate `as` value and it is preloaded intentionally.
[2026-06-09T02:59:40.484Z] [warning] The resource https://vercel.com/_next/static/immutable/media/ebay-light.3ft_ki8203ov0.svg was preloaded using link preload but not used within a few seconds from the window's load event. Please make sure it has an appropriate `as` value and it is preloaded intentionally.
[2026-06-09T02:59:40.484Z] [warning] The resource https://vercel.com/_next/static/immutable/media/adobe-dark.1yc1msmmj95aw.svg was preloaded using link preload but not used within a few seconds from the window's load event. Please make sure it has an appropriate `as` value and it is preloaded intentionally.
[2026-06-09T02:59:40.484Z] [warning] The resource https://vercel.com/_next/static/immutable/media/stripe-light.2l_1jctpe6k_4.svg was preloaded using link preload but not used within a few seconds from the window's load event. Please make sure it has an appropriate `as` value and it is preloaded intentionally.
[2026-06-09T02:59:40.484Z] [warning] The resource https://vercel.com/_next/static/immutable/media/stripe-dark.16ozjth2vgb_3.svg was preloaded using link preload but not used within a few seconds from the window's load event. Please make sure it has an appropriate `as` value and it is preloaded intentionally.
[2026-06-09T02:59:40.484Z] [warning] The resource https://vercel.com/_next/static/immutable/chunks/0-shbsz3-8ybx.css was preloaded using link preload but not used within a few seconds from the window's load event. Please make sure it has an appropriate `as` value and it is preloaded intentionally.
[2026-06-09T02:59:40.484Z] [warning] The resource https://vercel.com/_next/static/immutable/chunks/3z36ncuffz89v.css was preloaded using link preload but not used within a few seconds from the window's load event. Please make sure it has an appropriate `as` value and it is preloaded intentionally.
[2026-06-09T02:59:40.484Z] [warning] The resource https://vercel.com/_next/static/immutable/chunks/00rj9e71aqnzg.css was preloaded using link preload but not used within a few seconds from the window's load event. Please make sure it has an appropriate `as` value and it is preloaded intentionally.
[2026-06-09T03:00:32.950Z] [error] Failed to load resource: the server responded with a status of 404 ()
[2026-06-09T03:00:32.961Z] [error] Failed to load resource: the server responded with a status of 404 ()
[2026-06-09T03:01:03.418Z] [error] Failed to load resource: the server responded with a status of 404 ()
[2026-06-09T03:01:03.419Z] [error] Failed to load resource: the server responded with a status of 404 ()
